
2024/11/25 (15:23:26) | ===> btop++ v.1.3.2
2024/11/25 (15:23:26) | ERROR: Stall in Runner thread, restarting!

2025/02/11 (19:55:28) | ===> btop++ v.1.4.0
2025/02/11 (19:55:28) | WARNING: Intel GPU: Failed to initialize PMU

2025/02/11 (20:36:51) | ===> btop++ v.1.4.0
2025/02/11 (20:36:51) | WARNING: Intel GPU: Failed to initialize PMU

2025/02/12 (19:38:34) | ===> btop++ v.1.4.0
2025/02/12 (19:38:34) | WARNING: Intel GPU: Failed to initialize PMU

2025/02/12 (19:48:04) | ===> btop++ v.1.4.0
2025/02/12 (19:48:04) | WARNING: Intel GPU: Failed to initialize PMU

2025/02/12 (19:54:34) | ===> btop++ v.1.4.0
2025/02/12 (19:54:34) | WARNING: Intel GPU: Failed to initialize PMU

2025/02/12 (19:58:37) | ===> btop++ v.1.4.0
2025/02/12 (19:58:37) | WARNING: Intel GPU: Failed to initialize PMU

2025/02/13 (12:52:12) | ===> btop++ v.1.4.0
2025/02/13 (12:52:12) | WARNING: Intel GPU: Failed to initialize PMU

2025/02/16 (15:05:36) | ===> btop++ v.1.4.0
2025/02/16 (15:05:36) | WARNING: Intel GPU: Failed to initialize PMU

2025/02/16 (15:05:48) | ===> btop++ v.1.4.0
2025/02/16 (15:05:48) | WARNING: Intel GPU: Failed to initialize PMU

2025/02/24 (13:16:33) | ===> btop++ v.1.4.0
2025/02/24 (13:16:33) | WARNING: Intel GPU: Failed to initialize PMU

2025/03/23 (09:24:31) | ===> btop++ v.1.4.0
2025/03/23 (09:24:31) | WARNING: Intel GPU: Failed to initialize PMU

2025/03/31 (17:23:48) | ===> btop++ v.1.4.0
2025/03/31 (17:23:48) | WARNING: Intel GPU: Failed to initialize PMU

2025/04/02 (13:28:53) | ===> btop++ v.1.4.0
2025/04/02 (13:28:53) | WARNING: Intel GPU: Failed to initialize PMU

2025/04/05 (09:37:19) | ===> btop++ v.1.4.0
2025/04/05 (09:37:19) | WARNING: Intel GPU: Failed to initialize PMU

2025/04/05 (10:15:16) | ===> btop++ v.1.4.0
2025/04/05 (10:15:16) | WARNING: Intel GPU: Failed to initialize PMU

2025/04/05 (10:19:07) | ===> btop++ v.1.4.0
2025/04/05 (10:19:07) | WARNING: Intel GPU: Failed to initialize PMU

2025/04/05 (10:31:48) | ===> btop++ v.1.4.0
2025/04/05 (10:31:48) | WARNING: Intel GPU: Failed to initialize PMU

2025/04/16 (17:05:58) | ===> btop++ v.1.4.0
2025/04/16 (17:05:58) | WARNING: Intel GPU: Failed to initialize PMU

2025/05/08 (12:17:05) | ===> btop++ v.1.4.0
2025/05/08 (12:17:05) | WARNING: Intel GPU: Failed to initialize PMU

2025/05/23 (10:46:56) | ===> btop++ v.1.4.0
2025/05/23 (10:46:56) | WARNING: Intel GPU: Failed to initialize PMU

2025/05/23 (11:05:31) | ===> btop++ v.1.4.0
2025/05/23 (11:05:31) | WARNING: Intel GPU: Failed to initialize PMU
2025/05/23 (11:06:20) | INFO: Logger set to INFO
2025/05/23 (11:06:22) | INFO: Logger set to DEBUG
2025/05/23 (11:06:27) | INFO: Logger set to INFO

2025/05/24 (16:37:37) | ===> btop++ v.1.4.0
2025/05/24 (16:37:37) | WARNING: Intel GPU: Failed to initialize PMU

2025/05/24 (16:37:54) | ===> btop++ v.1.4.0
2025/05/24 (16:37:54) | WARNING: Intel GPU: Failed to initialize PMU

2025/05/25 (20:09:55) | ===> btop++ v.1.4.0
2025/05/25 (20:09:55) | WARNING: Intel GPU: Failed to initialize PMU

2025/05/26 (19:26:26) | ===> btop++ v.1.4.0
2025/05/26 (19:26:26) | WARNING: Intel GPU: Failed to initialize PMU

2025/05/26 (19:52:13) | ===> btop++ v.1.4.0
2025/05/26 (19:52:13) | WARNING: Intel GPU: Failed to initialize PMU

2025/05/27 (19:45:57) | ===> btop++ v.1.4.0
2025/05/27 (19:45:57) | WARNING: Intel GPU: Failed to initialize PMU

2025/05/29 (12:21:57) | ===> btop++ v.1.4.0
2025/05/29 (12:21:57) | WARNING: Intel GPU: Failed to initialize PMU

2025/06/17 (16:17:00) | ===> btop++ v.1.4.0
2025/06/17 (16:17:00) | WARNING: Intel GPU: Failed to initialize PMU

2025/06/18 (16:52:00) | ===> btop++ v.1.4.0
2025/06/18 (16:52:00) | WARNING: Intel GPU: Failed to initialize PMU
2025/06/18 (16:52:46) | WARNING: Failed to join _runner thread on exit!

2025/06/19 (17:11:49) | ===> btop++ v.1.4.0
2025/06/19 (17:11:49) | WARNING: Intel GPU: Failed to initialize PMU
2025/06/19 (17:13:09) | WARNING: Failed to join _runner thread on exit!

2025/06/19 (17:13:11) | ===> btop++ v.1.4.0
2025/06/19 (17:13:11) | WARNING: Intel GPU: Failed to initialize PMU

2025/06/21 (11:23:20) | ===> btop++ v.1.4.0
2025/06/21 (11:23:20) | WARNING: Intel GPU: Failed to initialize PMU
2025/06/21 (16:03:36) | WARNING: Failed to join _runner thread on exit!

2025/06/22 (13:13:26) | ===> btop++ v.1.4.0
2025/06/22 (13:13:26) | WARNING: Intel GPU: Failed to initialize PMU
2025/06/22 (14:38:12) | WARNING: Failed to join _runner thread on exit!

2025/06/24 (17:46:30) | ===> btop++ v.1.4.0
2025/06/24 (17:46:30) | WARNING: Intel GPU: Failed to initialize PMU
2025/06/24 (17:50:15) | WARNING: Failed to join _runner thread on exit!

2025/06/25 (12:24:28) | ===> btop++ v.1.4.0
2025/06/25 (12:24:28) | WARNING: Intel GPU: Failed to initialize PMU
2025/06/25 (12:52:49) | WARNING: Failed to join _runner thread on exit!

2025/06/25 (15:03:58) | ===> btop++ v.1.4.0
2025/06/25 (15:03:58) | WARNING: Intel GPU: Failed to initialize PMU
2025/06/25 (15:04:13) | WARNING: Failed to join _runner thread on exit!

2025/06/25 (18:38:03) | ===> btop++ v.1.4.0
2025/06/25 (18:38:03) | WARNING: Intel GPU: Failed to initialize PMU
2025/06/25 (18:38:05) | WARNING: Failed to join _runner thread on exit!

2025/06/26 (10:04:40) | ===> btop++ v.1.4.0
2025/06/26 (10:04:40) | WARNING: Intel GPU: Failed to initialize PMU
2025/06/26 (10:05:21) | WARNING: Failed to join _runner thread on exit!

2025/06/26 (10:05:27) | ===> btop++ v.1.4.0
2025/06/26 (10:05:27) | WARNING: Intel GPU: Failed to initialize PMU

2025/06/26 (13:04:03) | ===> btop++ v.1.4.0
2025/06/26 (13:04:03) | WARNING: Intel GPU: Failed to initialize PMU
2025/06/26 (13:04:10) | WARNING: Failed to join _runner thread on exit!

2025/06/26 (13:04:11) | ===> btop++ v.1.4.0
2025/06/26 (13:04:11) | WARNING: Intel GPU: Failed to initialize PMU
2025/06/26 (13:04:28) | WARNING: Failed to join _runner thread on exit!

2025/06/26 (15:12:57) | ===> btop++ v.1.4.0
2025/06/26 (15:12:57) | WARNING: Intel GPU: Failed to initialize PMU
2025/06/26 (15:13:04) | WARNING: Failed to join _runner thread on exit!

2025/06/26 (15:13:16) | ===> btop++ v.1.4.0
2025/06/26 (15:13:16) | WARNING: Intel GPU: Failed to initialize PMU
2025/06/26 (15:13:24) | WARNING: Failed to join _runner thread on exit!

2025/06/26 (15:16:40) | ===> btop++ v.1.4.0
2025/06/26 (15:16:40) | WARNING: Intel GPU: Failed to initialize PMU

2025/06/26 (19:36:49) | ===> btop++ v.1.4.0
2025/06/26 (19:36:49) | WARNING: Intel GPU: Failed to initialize PMU
2025/06/26 (19:36:58) | WARNING: Failed to join _runner thread on exit!

2025/06/26 (20:46:30) | ===> btop++ v.1.4.0
2025/06/26 (20:46:30) | WARNING: Intel GPU: Failed to initialize PMU
2025/06/26 (20:47:18) | WARNING: Failed to join _runner thread on exit!

2025/06/27 (19:36:49) | ===> btop++ v.1.4.0
2025/06/27 (19:36:49) | WARNING: Intel GPU: Failed to initialize PMU
2025/06/27 (19:38:07) | WARNING: Failed to join _runner thread on exit!

2025/06/28 (10:57:43) | ===> btop++ v.1.4.0
2025/06/28 (10:57:43) | WARNING: Intel GPU: Failed to initialize PMU
2025/06/28 (10:57:58) | WARNING: Failed to join _runner thread on exit!

2025/06/29 (21:40:42) | ===> btop++ v.1.4.0
2025/06/29 (21:40:42) | WARNING: Intel GPU: Failed to initialize PMU
2025/06/29 (21:42:21) | WARNING: Failed to join _runner thread on exit!

2025/06/30 (15:47:05) | ===> btop++ v.1.4.0
2025/06/30 (15:47:05) | WARNING: Intel GPU: Failed to initialize PMU
2025/06/30 (15:47:17) | WARNING: Failed to join _runner thread on exit!

2025/06/30 (16:20:42) | ===> btop++ v.1.4.0
2025/06/30 (16:20:42) | WARNING: Intel GPU: Failed to initialize PMU

2025/07/01 (18:32:46) | ===> btop++ v.1.4.0
2025/07/01 (18:32:46) | WARNING: Intel GPU: Failed to initialize PMU
2025/07/01 (18:33:09) | WARNING: Failed to join _runner thread on exit!

2025/07/01 (19:37:59) | ===> btop++ v.1.4.0
2025/07/01 (19:37:59) | WARNING: Intel GPU: Failed to initialize PMU
2025/07/01 (19:56:10) | WARNING: Failed to join _runner thread on exit!

2025/07/01 (19:56:50) | ===> btop++ v.1.4.0
2025/07/01 (19:56:50) | WARNING: Intel GPU: Failed to initialize PMU
2025/07/01 (19:56:56) | WARNING: Failed to join _runner thread on exit!

2025/07/02 (21:17:52) | ===> btop++ v.1.4.0
2025/07/02 (21:17:52) | WARNING: Intel GPU: Failed to initialize PMU
2025/07/02 (21:17:56) | WARNING: Failed to join _runner thread on exit!

2025/07/02 (21:18:05) | ===> btop++ v.1.4.0
2025/07/02 (21:18:05) | WARNING: Intel GPU: Failed to initialize PMU
2025/07/02 (21:18:09) | WARNING: Failed to join _runner thread on exit!

2025/07/03 (09:06:00) | ===> btop++ v.1.4.0
2025/07/03 (09:06:00) | WARNING: Intel GPU: Failed to initialize PMU
2025/07/03 (09:06:22) | WARNING: Failed to join _runner thread on exit!

2025/07/03 (10:01:07) | ===> btop++ v.1.4.0
2025/07/03 (10:01:07) | WARNING: Intel GPU: Failed to initialize PMU
2025/07/03 (11:47:05) | WARNING: Failed to join _runner thread on exit!

2025/07/03 (11:48:20) | ===> btop++ v.1.4.0
2025/07/03 (11:48:20) | WARNING: Intel GPU: Failed to initialize PMU

2025/07/03 (14:04:34) | ===> btop++ v.1.4.0
2025/07/03 (14:04:34) | WARNING: Intel GPU: Failed to initialize PMU
2025/07/03 (14:06:23) | WARNING: Failed to join _runner thread on exit!

2025/07/03 (19:43:13) | ===> btop++ v.1.4.0
2025/07/03 (19:43:13) | WARNING: Intel GPU: Failed to initialize PMU
2025/07/03 (19:43:21) | WARNING: Failed to join _runner thread on exit!

2025/07/04 (09:07:27) | ===> btop++ v.1.4.0
2025/07/04 (09:07:27) | WARNING: Intel GPU: Failed to initialize PMU
2025/07/04 (09:38:24) | WARNING: Failed to join _runner thread on exit!

2025/07/04 (10:39:18) | ===> btop++ v.1.4.0
2025/07/04 (10:39:18) | WARNING: Intel GPU: Failed to initialize PMU
2025/07/04 (14:18:20) | WARNING: Failed to join _runner thread on exit!

2025/07/04 (14:29:57) | ===> btop++ v.1.4.0
2025/07/04 (14:29:57) | WARNING: Intel GPU: Failed to initialize PMU
2025/07/04 (14:30:10) | WARNING: Failed to join _runner thread on exit!

2025/07/04 (14:53:21) | ===> btop++ v.1.4.0
2025/07/04 (14:53:21) | WARNING: Intel GPU: Failed to initialize PMU

2025/07/04 (14:54:04) | ===> btop++ v.1.4.0
2025/07/04 (14:54:04) | WARNING: Intel GPU: Failed to initialize PMU

2025/07/04 (16:15:12) | ===> btop++ v.1.4.0
2025/07/04 (16:15:12) | WARNING: Intel GPU: Failed to initialize PMU

2025/07/04 (20:01:20) | ===> btop++ v.1.4.0
2025/07/04 (20:01:20) | WARNING: Intel GPU: Failed to initialize PMU
2025/07/04 (20:01:30) | WARNING: Failed to join _runner thread on exit!

2025/07/04 (20:01:39) | ===> btop++ v.1.4.0
2025/07/04 (20:01:39) | WARNING: Intel GPU: Failed to initialize PMU
2025/07/04 (20:02:11) | WARNING: Failed to join _runner thread on exit!

2025/07/04 (20:09:10) | ===> btop++ v.1.4.0
2025/07/04 (20:09:10) | WARNING: Intel GPU: Failed to initialize PMU
2025/07/04 (20:09:21) | WARNING: Failed to join _runner thread on exit!

2025/07/05 (11:42:58) | ===> btop++ v.1.4.0
2025/07/05 (11:42:58) | WARNING: Intel GPU: Failed to initialize PMU
2025/07/05 (11:43:10) | WARNING: Failed to join _runner thread on exit!

2025/07/05 (18:28:58) | ===> btop++ v.1.4.0
2025/07/05 (18:28:58) | WARNING: Intel GPU: Failed to initialize PMU
2025/07/05 (18:29:29) | WARNING: Failed to join _runner thread on exit!

2025/07/08 (08:00:28) | ===> btop++ v.1.4.0
2025/07/08 (08:00:28) | WARNING: Intel GPU: Failed to initialize PMU
2025/07/08 (08:01:01) | WARNING: Failed to join _runner thread on exit!

2025/07/08 (08:01:03) | ===> btop++ v.1.4.0
2025/07/08 (08:01:03) | WARNING: Intel GPU: Failed to initialize PMU
2025/07/08 (08:01:53) | WARNING: Failed to join _runner thread on exit!

2025/07/09 (11:37:26) | ===> btop++ v.1.4.0
2025/07/09 (11:37:26) | WARNING: Intel GPU: Failed to initialize PMU
2025/07/09 (11:37:30) | WARNING: Failed to join _runner thread on exit!

2025/07/11 (13:57:54) | ===> btop++ v.1.4.0
2025/07/11 (13:57:54) | WARNING: Intel GPU: Failed to initialize PMU

2025/07/12 (09:30:16) | ===> btop++ v.1.4.0
2025/07/12 (09:30:16) | WARNING: Intel GPU: Failed to initialize PMU
2025/07/12 (09:30:51) | WARNING: Failed to join _runner thread on exit!

2025/07/12 (16:24:55) | ===> btop++ v.1.4.0
2025/07/12 (16:24:55) | WARNING: Intel GPU: Failed to initialize PMU
2025/07/12 (16:25:01) | WARNING: Failed to join _runner thread on exit!

2025/07/12 (18:01:17) | ===> btop++ v.1.4.0
2025/07/12 (18:01:17) | WARNING: Intel GPU: Failed to initialize PMU
2025/07/12 (18:01:27) | WARNING: Failed to join _runner thread on exit!

2025/07/13 (17:39:33) | ===> btop++ v.1.4.0
2025/07/13 (17:39:33) | WARNING: Intel GPU: Failed to initialize PMU
2025/07/13 (17:39:50) | WARNING: Failed to join _runner thread on exit!

2025/07/14 (19:33:13) | ===> btop++ v.1.4.0
2025/07/14 (19:33:13) | WARNING: Intel GPU: Failed to initialize PMU
2025/07/14 (19:33:27) | WARNING: Failed to join _runner thread on exit!

2025/07/15 (17:08:07) | ===> btop++ v.1.4.0
2025/07/15 (17:08:07) | WARNING: Intel GPU: Failed to initialize PMU

2025/07/16 (08:29:45) | ===> btop++ v.1.4.0
2025/07/16 (08:29:45) | WARNING: Intel GPU: Failed to initialize PMU
2025/07/16 (08:30:24) | WARNING: Failed to join _runner thread on exit!

2025/07/17 (08:32:21) | ===> btop++ v.1.4.0
2025/07/17 (08:32:21) | WARNING: Intel GPU: Failed to initialize PMU
2025/07/17 (08:32:25) | WARNING: Failed to join _runner thread on exit!

2025/07/17 (14:13:40) | ===> btop++ v.1.4.0
2025/07/17 (14:13:40) | WARNING: Intel GPU: Failed to initialize PMU
2025/07/17 (14:15:17) | WARNING: Failed to join _runner thread on exit!

2025/07/17 (15:36:05) | ===> btop++ v.1.4.0
2025/07/17 (15:36:05) | WARNING: Intel GPU: Failed to initialize PMU
2025/07/17 (15:36:27) | WARNING: Failed to join _runner thread on exit!

2025/07/17 (15:37:47) | ===> btop++ v.1.4.0
2025/07/17 (15:37:47) | WARNING: Intel GPU: Failed to initialize PMU
2025/07/17 (15:38:27) | WARNING: Failed to join _runner thread on exit!

2025/07/17 (15:40:09) | ===> btop++ v.1.4.0
2025/07/17 (15:40:09) | WARNING: Intel GPU: Failed to initialize PMU
2025/07/17 (15:49:38) | WARNING: Failed to join _runner thread on exit!

2025/07/17 (15:56:05) | ===> btop++ v.1.4.0
2025/07/17 (15:56:05) | WARNING: Intel GPU: Failed to initialize PMU
2025/07/17 (15:56:23) | WARNING: Failed to join _runner thread on exit!

2025/07/17 (16:38:42) | ===> btop++ v.1.4.0
2025/07/17 (16:38:42) | WARNING: Intel GPU: Failed to initialize PMU

2025/07/17 (16:38:53) | ===> btop++ v.1.4.0
2025/07/17 (16:38:53) | WARNING: Intel GPU: Failed to initialize PMU
2025/07/17 (16:39:13) | WARNING: Failed to join _runner thread on exit!

2025/07/17 (17:42:56) | ===> btop++ v.1.4.0
2025/07/17 (17:42:56) | WARNING: Intel GPU: Failed to initialize PMU
2025/07/17 (17:43:03) | WARNING: Failed to join _runner thread on exit!

2025/07/18 (08:59:43) | ===> btop++ v.1.4.0
2025/07/18 (08:59:43) | WARNING: Intel GPU: Failed to initialize PMU
2025/07/18 (09:00:07) | WARNING: Failed to join _runner thread on exit!

2025/07/18 (09:00:19) | ===> btop++ v.1.4.0
2025/07/18 (09:00:19) | WARNING: Intel GPU: Failed to initialize PMU
2025/07/18 (09:00:48) | WARNING: Failed to join _runner thread on exit!

2025/07/18 (09:01:02) | ===> btop++ v.1.4.0
2025/07/18 (09:01:02) | WARNING: Intel GPU: Failed to initialize PMU
2025/07/18 (09:02:06) | WARNING: Failed to join _runner thread on exit!

2025/07/18 (09:02:21) | ===> btop++ v.1.4.0
2025/07/18 (09:02:21) | WARNING: Intel GPU: Failed to initialize PMU
2025/07/18 (09:16:02) | WARNING: Failed to join _runner thread on exit!

2025/07/18 (09:22:10) | ===> btop++ v.1.4.0
2025/07/18 (09:22:10) | WARNING: Intel GPU: Failed to initialize PMU
2025/07/18 (09:22:54) | WARNING: Failed to join _runner thread on exit!

2025/07/18 (09:23:27) | ===> btop++ v.1.4.0
2025/07/18 (09:23:27) | WARNING: Intel GPU: Failed to initialize PMU

2025/07/18 (09:30:36) | ===> btop++ v.1.4.0
2025/07/18 (09:30:36) | WARNING: Intel GPU: Failed to initialize PMU
2025/07/18 (09:34:01) | WARNING: Failed to join _runner thread on exit!

2025/07/19 (12:50:27) | ===> btop++ v.1.4.0
2025/07/19 (12:50:27) | WARNING: Intel GPU: Failed to initialize PMU

2025/07/19 (18:57:21) | ===> btop++ v.1.4.0
2025/07/19 (18:57:21) | WARNING: Intel GPU: Failed to initialize PMU
2025/07/19 (22:28:56) | WARNING: Failed to join _runner thread on exit!

2025/07/20 (08:10:05) | ===> btop++ v.1.4.0
2025/07/20 (08:10:05) | WARNING: Intel GPU: Failed to initialize PMU
2025/07/20 (08:10:13) | WARNING: Failed to join _runner thread on exit!

2025/07/20 (11:27:00) | ===> btop++ v.1.4.0
2025/07/20 (11:27:00) | WARNING: Intel GPU: Failed to initialize PMU
2025/07/20 (11:39:44) | WARNING: Failed to join _runner thread on exit!

2025/07/20 (17:23:49) | ===> btop++ v.1.4.0
2025/07/20 (17:23:49) | WARNING: Intel GPU: Failed to initialize PMU
2025/07/20 (17:26:24) | WARNING: Failed to join _runner thread on exit!

2025/07/21 (08:32:18) | ===> btop++ v.1.4.0
2025/07/21 (08:32:18) | WARNING: Intel GPU: Failed to initialize PMU
2025/07/21 (08:33:15) | WARNING: Failed to join _runner thread on exit!

2025/07/21 (10:31:04) | ===> btop++ v.1.4.0
2025/07/21 (10:31:04) | WARNING: Intel GPU: Failed to initialize PMU
2025/07/21 (11:50:53) | WARNING: Failed to join _runner thread on exit!

2025/07/21 (11:50:55) | ===> btop++ v.1.4.0
2025/07/21 (11:50:55) | WARNING: Intel GPU: Failed to initialize PMU
2025/07/21 (11:50:58) | WARNING: Failed to join _runner thread on exit!

2025/07/21 (14:46:11) | ===> btop++ v.1.4.0
2025/07/21 (14:46:11) | WARNING: Intel GPU: Failed to initialize PMU
2025/07/21 (14:46:14) | WARNING: Failed to join _runner thread on exit!

2025/07/22 (13:22:08) | ===> btop++ v.1.4.0
2025/07/22 (13:22:08) | WARNING: Intel GPU: Failed to initialize PMU
2025/07/22 (13:22:48) | WARNING: Failed to join _runner thread on exit!

2025/07/22 (13:23:04) | ===> btop++ v.1.4.0
2025/07/22 (13:23:04) | WARNING: Intel GPU: Failed to initialize PMU
2025/07/22 (13:23:36) | WARNING: Failed to join _runner thread on exit!

2025/07/22 (15:27:35) | ===> btop++ v.1.4.0
2025/07/22 (15:27:35) | WARNING: Intel GPU: Failed to initialize PMU
2025/07/22 (15:27:53) | WARNING: Failed to join _runner thread on exit!

2025/07/22 (15:29:15) | ===> btop++ v.1.4.0
2025/07/22 (15:29:15) | WARNING: Intel GPU: Failed to initialize PMU
2025/07/22 (15:29:32) | WARNING: Failed to join _runner thread on exit!
